  ConsoleApplication1.cpp
C:\Users\crash\OneDrive\Рабочий стол\Домашка\6_term\Компьютерная графика\Computer-graphics\lab3\ConsoleApplication1\ConsoleApplication1.cpp(31,35): warning C4244: аргумент: преобразование "double" в "int", возможна потеря данных
C:\Users\crash\OneDrive\Рабочий стол\Домашка\6_term\Компьютерная графика\Computer-graphics\lab3\ConsoleApplication1\ConsoleApplication1.cpp(31,27): warning C4244: аргумент: преобразование "double" в "int", возможна потеря данных
C:\Users\crash\OneDrive\Рабочий стол\Домашка\6_term\Компьютерная графика\Computer-graphics\lab3\ConsoleApplication1\ConsoleApplication1.cpp(32,35): warning C4244: аргумент: преобразование "double" в "int", возможна потеря данных
C:\Users\crash\OneDrive\Рабочий стол\Домашка\6_term\Компьютерная графика\Computer-graphics\lab3\ConsoleApplication1\ConsoleApplication1.cpp(32,27): warning C4244: аргумент: преобразование "double" в "int", возможна потеря данных
C:\Users\crash\OneDrive\Рабочий стол\Домашка\6_term\Компьютерная графика\Computer-graphics\lab3\ConsoleApplication1\ConsoleApplication1.cpp(33,35): warning C4244: аргумент: преобразование "double" в "int", возможна потеря данных
C:\Users\crash\OneDrive\Рабочий стол\Домашка\6_term\Компьютерная графика\Computer-graphics\lab3\ConsoleApplication1\ConsoleApplication1.cpp(33,27): warning C4244: аргумент: преобразование "double" в "int", возможна потеря данных
C:\Users\crash\OneDrive\Рабочий стол\Домашка\6_term\Компьютерная графика\Computer-graphics\lab3\ConsoleApplication1\ConsoleApplication1.cpp(34,35): warning C4244: аргумент: преобразование "double" в "int", возможна потеря данных
C:\Users\crash\OneDrive\Рабочий стол\Домашка\6_term\Компьютерная графика\Computer-graphics\lab3\ConsoleApplication1\ConsoleApplication1.cpp(34,27): warning C4244: аргумент: преобразование "double" в "int", возможна потеря данных
C:\Users\crash\OneDrive\Рабочий стол\Домашка\6_term\Компьютерная графика\Computer-graphics\lab3\ConsoleApplication1\ConsoleApplication1.cpp(35,35): warning C4244: аргумент: преобразование "double" в "int", возможна потеря данных
C:\Users\crash\OneDrive\Рабочий стол\Домашка\6_term\Компьютерная графика\Computer-graphics\lab3\ConsoleApplication1\ConsoleApplication1.cpp(35,27): warning C4244: аргумент: преобразование "double" в "int", возможна потеря данных
C:\Users\crash\OneDrive\Рабочий стол\Домашка\6_term\Компьютерная графика\Computer-graphics\lab3\ConsoleApplication1\ConsoleApplication1.cpp(36,35): warning C4244: аргумент: преобразование "double" в "int", возможна потеря данных
C:\Users\crash\OneDrive\Рабочий стол\Домашка\6_term\Компьютерная графика\Computer-graphics\lab3\ConsoleApplication1\ConsoleApplication1.cpp(36,27): warning C4244: аргумент: преобразование "double" в "int", возможна потеря данных
C:\Users\crash\OneDrive\Рабочий стол\Домашка\6_term\Компьютерная графика\Computer-graphics\lab3\ConsoleApplication1\ConsoleApplication1.cpp(37,35): warning C4244: аргумент: преобразование "double" в "int", возможна потеря данных
C:\Users\crash\OneDrive\Рабочий стол\Домашка\6_term\Компьютерная графика\Computer-graphics\lab3\ConsoleApplication1\ConsoleApplication1.cpp(37,27): warning C4244: аргумент: преобразование "double" в "int", возможна потеря данных
C:\Users\crash\OneDrive\Рабочий стол\Домашка\6_term\Компьютерная графика\Computer-graphics\lab3\ConsoleApplication1\ConsoleApplication1.cpp(38,35): warning C4244: аргумент: преобразование "double" в "int", возможна потеря данных
C:\Users\crash\OneDrive\Рабочий стол\Домашка\6_term\Компьютерная графика\Computer-graphics\lab3\ConsoleApplication1\ConsoleApplication1.cpp(38,27): warning C4244: аргумент: преобразование "double" в "int", возможна потеря данных
C:\Users\crash\OneDrive\Рабочий стол\Домашка\6_term\Компьютерная графика\Computer-graphics\lab3\ConsoleApplication1\ConsoleApplication1.cpp(71,35): warning C4244: аргумент: преобразование "double" в "int", возможна потеря данных
C:\Users\crash\OneDrive\Рабочий стол\Домашка\6_term\Компьютерная графика\Computer-graphics\lab3\ConsoleApplication1\ConsoleApplication1.cpp(71,27): warning C4244: аргумент: преобразование "double" в "int", возможна потеря данных
C:\Users\crash\OneDrive\Рабочий стол\Домашка\6_term\Компьютерная графика\Computer-graphics\lab3\ConsoleApplication1\ConsoleApplication1.cpp(106,14): warning C4101: i: неиспользованная локальная переменная
C:\Users\crash\OneDrive\Рабочий стол\Домашка\6_term\Компьютерная графика\Computer-graphics\lab3\ConsoleApplication1\ConsoleApplication1.cpp(106,22): warning C4101: bnew: неиспользованная локальная переменная
C:\Users\crash\OneDrive\Рабочий стол\Домашка\6_term\Компьютерная графика\Computer-graphics\lab3\ConsoleApplication1\ConsoleApplication1.cpp(160,16): warning C4101: y2: неиспользованная локальная переменная
C:\Users\crash\OneDrive\Рабочий стол\Домашка\6_term\Компьютерная графика\Computer-graphics\lab3\ConsoleApplication1\ConsoleApplication1.cpp(161,16): warning C4101: r: неиспользованная локальная переменная
C:\Users\crash\OneDrive\Рабочий стол\Домашка\6_term\Компьютерная графика\Computer-graphics\lab3\ConsoleApplication1\ConsoleApplication1.cpp(159,16): warning C4101: x2: неиспользованная локальная переменная
  ConsoleApplication1.vcxproj -> C:\Users\crash\OneDrive\Рабочий стол\Домашка\6_term\Компьютерная графика\Computer-graphics\lab3\ConsoleApplication1\Debug\ConsoleApplication1.exe
